<?xml version="1.0" encoding="UTF-8"?>
<!-- Generated by org.testng.reporters.JUnitReportReporter -->
<testsuite hostname="ATPL-24-0002" failures="0" tests="1" name="jenkin.jenk" time="40.042" errors="0" timestamp="2024-04-19T12:42:50 IST" skipped="0">
  <testcase classname="jenkin.jenk" name="yourTestMethod" time="40.042"/>
</testsuite> <!-- jenkin.jenk -->
